23:17:19 **** Incremental Build of configuration Debug for project fft_process ****
make -j8 all 
arm-none-eabi-gcc "../FFT/fft.c" -mcpu=cortex-m7 -std=gnu11 -g3 -DDEBUG -DARM_MATH_CM7 -DUSE_HAL_DRIVER -DSTM32H750xx -D__TARGET_FPU_VFP -c -I../FFT -I../Core/Inc -I../Drivers/STM32H7xx_HAL_Driver/Inc -I../Drivers/STM32H7xx_HAL_Driver/Inc/Legacy -I../Drivers/CMSIS/Device/ST/STM32H7xx/Include -I../Drivers/CMSIS/Include -I../USB_DEVICE/App -I../USB_DEVICE/Target -I../Middlewares/ST/STM32_USB_Device_Library/Core/Inc -I../Middlewares/ST/STM32_USB_Device_Library/Class/CDC/Inc -I"C:/Users/zhangrun/OneDrive/my_doc/project/graduate_design/graduatedesign/code/stm32/fft_process/CMSIS_DSP/Include" -O0 -ffunction-sections -fdata-sections -Wall -fstack-usage -MMD -MP -MF"FFT/fft.d" -MT"FFT/fft.o" --specs=nano.specs -mfpu=fpv5-d16 -mfloat-abi=hard -mthumb -o "FFT/fft.o"
arm-none-eabi-gcc "../Core/Src/stm32h7xx_it.c" -mcpu=cortex-m7 -std=gnu11 -g3 -DDEBUG -DARM_MATH_CM7 -DUSE_HAL_DRIVER -DSTM32H750xx -D__TARGET_FPU_VFP -c -I../FFT -I../Core/Inc -I../Drivers/STM32H7xx_HAL_Driver/Inc -I../Drivers/STM32H7xx_HAL_Driver/Inc/Legacy -I../Drivers/CMSIS/Device/ST/STM32H7xx/Include -I../Drivers/CMSIS/Include -I../USB_DEVICE/App -I../USB_DEVICE/Target -I../Middlewares/ST/STM32_USB_Device_Library/Core/Inc -I../Middlewares/ST/STM32_USB_Device_Library/Class/CDC/Inc -I"C:/Users/zhangrun/OneDrive/my_doc/project/graduate_design/graduatedesign/code/stm32/fft_process/CMSIS_DSP/Include" -O0 -ffunction-sections -fdata-sections -Wall -fstack-usage -MMD -MP -MF"Core/Src/stm32h7xx_it.d" -MT"Core/Src/stm32h7xx_it.o" --specs=nano.specs -mfpu=fpv5-d16 -mfloat-abi=hard -mthumb -o "Core/Src/stm32h7xx_it.o"
In file included from ../FFT/fft.c:1:
../FFT/fft.h:19:15: warning: 'f_begin' defined but not used [-Wunused-variable]
   19 | static double f_begin = 78e9;
      |               ^~~~~~~
../FFT/fft.h:16:15: warning: 'N1' defined but not used [-Wunused-variable]
   16 | static double N1      = 2048;
      |               ^~
../FFT/fft.h:13:15: warning: 'numRX' defined but not used [-Wunused-variable]
   13 | static double numRX   = 1;
      |               ^~~~~
../FFT/fft.h:12:15: warning: 'ADC_N' defined but not used [-Wunused-variable]
   12 | static double ADC_N   = 600;
      |               ^~~~~
../FFT/fft.h:11:15: warning: 'chirp' defined but not used [-Wunused-variable]
   11 | static double chirp   = 16;
      |               ^~~~~
In file included from ../Core/Src/stm32h7xx_it.c:25:
../FFT/fft.h:20:15: warning: 'c' defined but not used [-Wunused-variable]
   20 | static double c       = 2.99792458e8;
      |               ^
../FFT/fft.h:19:15: warning: 'f_begin' defined but not used [-Wunused-variable]
   19 | static double f_begin = 78e9;
      |               ^~~~~~~
../FFT/fft.h:18:15: warning: 'B' defined but not used [-Wunused-variable]
   18 | static double B       = 3.13e9;
      |               ^
../FFT/fft.h:17:15: warning: 'T' defined but not used [-Wunused-variable]
   17 | static double T       = 235e-6;
      |               ^
../FFT/fft.h:16:15: warning: 'N1' defined but not used [-Wunused-variable]
   16 | static double N1      = 2048;
      |               ^~
../FFT/fft.h:15:15: warning: 'N' defined but not used [-Wunused-variable]
   15 | static double N       = FFT_LENGTH;
      |               ^
../FFT/fft.h:14:15: warning: 'fs' defined but not used [-Wunused-variable]
   14 | static double fs      = 2.667e6;
      |               ^~
../FFT/fft.h:13:15: warning: 'numRX' defined but not used [-Wunused-variable]
   13 | static double numRX   = 1;
      |               ^~~~~
../FFT/fft.h:12:15: warning: 'ADC_N' defined but not used [-Wunused-variable]
   12 | static double ADC_N   = 600;
      |               ^~~~~
../FFT/fft.h:11:15: warning: 'chirp' defined but not used [-Wunused-variable]
   11 | static double chirp   = 16;
      |               ^~~~~
arm-none-eabi-gcc -o "fft_process.elf" @"objects.list"  -larm_cortexM7lfdp_math -mcpu=cortex-m7 -T"C:\Users\zhangrun\OneDrive\my_doc\project\graduate_design\graduatedesign\code\stm32\fft_process\STM32H750VBTX_FLASH.ld" --specs=nosys.specs -Wl,-Map="fft_process.map" -Wl,--gc-sections -static -L"C:\Users\zhangrun\OneDrive\my_doc\project\graduate_design\graduatedesign\code\stm32\fft_process\CMSIS_DSP\GCC" --specs=nano.specs -mfpu=fpv5-d16 -mfloat-abi=hard -mthumb -Wl,--start-group -lc -lm -Wl,--end-group
гд???????????гд??????????? fft_process.elf
 
arm-none-eabi-size   fft_process.elf 
arm-none-eabi-objdump -h -S  fft_process.elf  > "fft_process.list"
arm-none-eabi-objcopy  -O ihex  fft_process.elf  "fft_process.hex"
   text	   data	    bss	    dec	    hex	filename
  76336	    404	  61536	 138276	  21c24	fft_process.elf
arm-none-eabi-objcopy  -O binary  fft_process.elf  "fft_process.bin"
гд???????????гд????? default.size.stdout
 
гд???????????гд????? fft_process.hex
гд???????????гд????? fft_process.bin
 
 
гд???????????гд????? fft_process.list
 
23:17:28 **** Incremental Build of configuration Debug for project fft_process ****
make -j8 all 
arm-none-eabi-size   fft_process.elf 
   text	   data	    bss	    dec	    hex	filename
  76336	    404	  61536	 138276	  21c24	fft_process.elf
гд???????????гд????? default.size.stdout
 
